<?xml version="1.0" encoding="UTF-8"?>
<testng-results ignored="0" total="3" passed="3" failed="0" skipped="0">
  <reporter-output>
  </reporter-output>
  <suite started-at="2024-02-10T13:49:20 IST" name="Test-selenium" finished-at="2024-02-10T13:50:08 IST" duration-ms="47648">
    <groups>
    </groups>
    <test started-at="2024-02-10T13:49:20 IST" name="Test-ng" finished-at="2024-02-10T13:50:08 IST" duration-ms="47648">
      <class name="Day1.Facebook_Signup_ng">
        <test-method is-config="true" signature="BroswerTestsetup()[pri:0, instance:Day1.Facebook_Signup_ng@5a5a729f]" started-at="2024-02-10T13:49:20 IST" name="BroswerTestsetup" finished-at="2024-02-10T13:49:23 IST" duration-ms="2719" status="PASS">
          <reporter-output>
          </reporter-output>
        </test-method> <!-- BroswerTestsetup -->
        <test-method is-config="true" signature="beforeMethod()[pri:0, instance:Day1.Facebook_Signup_ng@5a5a729f]" started-at="2024-02-10T13:49:23 IST" name="beforeMethod" finished-at="2024-02-10T13:49:28 IST" duration-ms="5485" status="PASS">
          <reporter-output>
          </reporter-output>
        </test-method> <!-- beforeMethod -->
        <test-method signature="Signup_page()[pri:0, instance:Day1.Facebook_Signup_ng@5a5a729f]" started-at="2024-02-10T13:49:28 IST" name="Signup_page" finished-at="2024-02-10T13:49:40 IST" duration-ms="11202" status="PASS">
          <reporter-output>
          </reporter-output>
        </test-method> <!-- Signup_page -->
        <test-method is-config="true" signature="afterMethod()[pri:0, instance:Day1.Facebook_Signup_ng@5a5a729f]" started-at="2024-02-10T13:49:40 IST" name="afterMethod" finished-at="2024-02-10T13:49:40 IST" duration-ms="15" status="PASS">
          <reporter-output>
          </reporter-output>
        </test-method> <!-- afterMethod -->
        <test-method is-config="true" signature="afterClass()[pri:0, instance:Day1.Facebook_Signup_ng@5a5a729f]" started-at="2024-02-10T13:49:40 IST" name="afterClass" finished-at="2024-02-10T13:49:41 IST" duration-ms="1159" status="PASS">
          <reporter-output>
          </reporter-output>
        </test-method> <!-- afterClass -->
      </class> <!-- Day1.Facebook_Signup_ng -->
      <class name="Day1.Test_Signup">
        <test-method is-config="true" signature="beforeMethod()[pri:0, instance:Day1.Test_Signup@821330f]" started-at="2024-02-10T13:49:46 IST" name="beforeMethod" finished-at="2024-02-10T13:49:46 IST" duration-ms="1" status="PASS">
          <reporter-output>
          </reporter-output>
        </test-method> <!-- beforeMethod -->
        <test-method signature="sign_in()[pri:0, instance:Day1.Test_Signup@821330f]" started-at="2024-02-10T13:49:46 IST" name="sign_in" finished-at="2024-02-10T13:50:07 IST" duration-ms="21359" status="PASS">
          <reporter-output>
          </reporter-output>
        </test-method> <!-- sign_in -->
        <test-method is-config="true" signature="afterMethod()[pri:0, instance:Day1.Test_Signup@821330f]" started-at="2024-02-10T13:50:07 IST" name="afterMethod" finished-at="2024-02-10T13:50:08 IST" duration-ms="486" status="PASS">
          <reporter-output>
          </reporter-output>
        </test-method> <!-- afterMethod -->
      </class> <!-- Day1.Test_Signup -->
      <class name="Day1.NewTest">
        <test-method signature="f()[pri:0, instance:Day1.NewTest@1b1cfb87]" started-at="2024-02-10T13:49:41 IST" name="f" finished-at="2024-02-10T13:49:46 IST" duration-ms="5002" status="PASS">
          <reporter-output>
          </reporter-output>
        </test-method> <!-- f -->
        <test-method is-config="true" signature="beforeMethod()[pri:0, instance:Day1.NewTest@1b1cfb87]" started-at="2024-02-10T13:49:41 IST" name="beforeMethod" finished-at="2024-02-10T13:49:41 IST" duration-ms="0" status="PASS">
          <reporter-output>
          </reporter-output>
        </test-method> <!-- beforeMethod -->
        <test-method is-config="true" signature="afterMethod()[pri:0, instance:Day1.NewTest@1b1cfb87]" started-at="2024-02-10T13:49:46 IST" name="afterMethod" finished-at="2024-02-10T13:49:46 IST" duration-ms="1" status="PASS">
          <reporter-output>
          </reporter-output>
        </test-method> <!-- afterMethod -->
        <test-method is-config="true" signature="afterClass()[pri:0, instance:Day1.NewTest@1b1cfb87]" started-at="2024-02-10T13:49:46 IST" name="afterClass" finished-at="2024-02-10T13:49:46 IST" duration-ms="153" status="PASS">
          <reporter-output>
          </reporter-output>
        </test-method> <!-- afterClass -->
      </class> <!-- Day1.NewTest -->
    </test> <!-- Test-ng -->
  </suite> <!-- Test-selenium -->
</testng-results>
